Build started 3/22/2015 7:32:59 PM.
     1>Project "C:\Vafa\Assignments\OOD\Project2\XmlDocModel\XmlDocument\XmlDocument\XmlDocument.vcxproj" on node 5 (Rebuild target(s)).
     1>ClCompile:
         C:\Program Files (x86)\Microsoft Visual Studio 12.0\VC\bin\CL.exe /c /ZI /nologo /W3 /WX- /sdl /Od /Oy- /D WIN32 /D _DEBUG /D _CONSOLE /D _LIB /D _UNICODE /D UNICODE /D TEST_XMLDOCUMENT /Gm /EHsc /RTC1 /MDd /GS /fp:precise /Zc:wchar_t /Zc:forScope /Fo"Debug\\" /Fd"Debug\vc120.pdb" /Gd /TP /analyze- /errorReport:prompt ..\..\Display\Display.cpp ..\..\XmlElementParts\XmlElementParts\Tokenizer.cpp ..\..\XmlElementParts\XmlElementParts\xmlElementParts.cpp ..\XmlElement\XmlElement.cpp Utilities.cpp XmlDocument.cpp
         XmlDocument.cpp
         Utilities.cpp
         XmlElement.cpp
         xmlElementParts.cpp
         Tokenizer.cpp
         Display.cpp
         Generating Code...
       Link:
         C:\Program Files (x86)\Microsoft Visual Studio 12.0\VC\bin\link.exe /ERRORREPORT:PROMPT /OUT:"C:\Vafa\Assignments\OOD\Project2\XmlDocModel\Debug\XmlDocument.exe" /INCREMENTAL /NOLOGO kernel32.lib user32.lib gdi32.lib winspool.lib comdlg32.lib advapi32.lib shell32.lib ole32.lib oleaut32.lib uuid.lib odbc32.lib odbccp32.lib /MANIFEST /MANIFESTUAC:"level='asInvoker' uiAccess='false'" /manifest:embed /DEBUG /PDB:"C:\Vafa\Assignments\OOD\Project2\XmlDocModel\Debug\XmlDocument.pdb" /SUBSYSTEM:CONSOLE /TLBID:1 /DYNAMICBASE /NXCOMPAT /IMPLIB:"C:\Vafa\Assignments\OOD\Project2\XmlDocModel\Debug\XmlDocument.lib" /MACHINE:X86 Debug\Display.obj
         Debug\Tokenizer.obj
         Debug\xmlElementParts.obj
         Debug\XmlElement.obj
         Debug\Utilities.obj
         Debug\XmlDocument.obj
         XmlDocument.vcxproj -> C:\Vafa\Assignments\OOD\Project2\XmlDocModel\Debug\XmlDocument.exe
     1>Done Building Project "C:\Vafa\Assignments\OOD\Project2\XmlDocModel\XmlDocument\XmlDocument\XmlDocument.vcxproj" (Rebuild target(s)).

Build succeeded.

Time Elapsed 00:00:10.57
